{"/Users/carlaberg/Documents/code/sould-boilerplate_testing/src/utils/sayHello.js": {"path":"/Users/carlaberg/Documents/code/sould-boilerplate_testing/src/utils/sayHello.js","statementMap":{"0":{"start":{"line":1,"column":17},"end":{"line":3,"column":1}},"1":{"start":{"line":2,"column":2},"end":{"line":2,"column":17}}},"fnMap":{"0":{"name":"(anonymous_0)","decl":{"start":{"line":1,"column":17},"end":{"line":1,"column":18}},"loc":{"start":{"line":1,"column":23},"end":{"line":3,"column":1}},"line":1}},"branchMap":{},"s":{"0":1,"1":1},"f":{"0":1},"b":{},"_coverageSchema":"43e27e138ebf9cfc5966b082cf9a028302ed4184","hash":"78e2b6e9ba296351cb596b99dd5a248a404e4e11"}
}
