{"/Users/carlaberg/Documents/code/sould-boilerplate_testing/src/entry.js": {"path":"/Users/carlaberg/Documents/code/sould-boilerplate_testing/src/entry.js","statementMap":{"0":{"start":{"line":1,"column":1},"end":{"line":1,"column":22}}},"fnMap":{},"branchMap":{},"s":{"0":0},"f":{},"b":{},"hash":"c25b0b355aa2abed1a2ccacdb826bc82c696688a"}
,"/Users/carlaberg/Documents/code/sould-boilerplate_testing/src/utils/noCoverage.js": {"path":"/Users/carlaberg/Documents/code/sould-boilerplate_testing/src/utils/noCoverage.js","statementMap":{"0":{"start":{"line":1,"column":19},"end":{"line":3,"column":1}},"1":{"start":{"line":2,"column":2},"end":{"line":2,"column":46}}},"fnMap":{"0":{"name":"(anonymous_0)","decl":{"start":{"line":1,"column":19},"end":{"line":1,"column":20}},"loc":{"start":{"line":1,"column":25},"end":{"line":3,"column":1}},"line":1}},"branchMap":{},"s":{"0":0,"1":0},"f":{"0":0},"b":{},"hash":"b3be1bb8f6be64935fa757d88e0f91fe88b07198"}
,"/Users/carlaberg/Documents/code/sould-boilerplate_testing/src/utils/sayHello.js": {"path":"/Users/carlaberg/Documents/code/sould-boilerplate_testing/src/utils/sayHello.js","statementMap":{"0":{"start":{"line":1,"column":17},"end":{"line":3,"column":1}},"1":{"start":{"line":2,"column":2},"end":{"line":2,"column":17}}},"fnMap":{"0":{"name":"(anonymous_0)","decl":{"start":{"line":1,"column":17},"end":{"line":1,"column":18}},"loc":{"start":{"line":1,"column":23},"end":{"line":3,"column":1}},"line":1}},"branchMap":{},"s":{"0":1,"1":1},"f":{"0":1},"b":{},"_coverageSchema":"43e27e138ebf9cfc5966b082cf9a028302ed4184","hash":"78e2b6e9ba296351cb596b99dd5a248a404e4e11"}
}
